ERROR:root:CSV file not found: [Errno 2] No such file or directory: 'path/to/csv/file.csv'
Traceback (most recent call last):
  File "c:\Users\alexa\OneDrive\Dev\init-runpod\dlcivitai.py", line 34, in download_files_from_csv
    with open(CVS_FILE) as csv_file:
         ^^^^^^^^^^^^^^
FileNotFoundError: [Errno 2] No such file or directory: 'path/to/csv/file.csv'
ERROR:root:CSV file not found: [Errno 2] No such file or directory: 'C:/Users/alexa/OneDrive/Dev/init-runpod/models/civitai.csv'
Traceback (most recent call last):
  File "c:\Users\alexa\OneDrive\Dev\init-runpod\dlcivitai.py", line 34, in download_files_from_csv
    with open(file_path) as csv_file:
         ^^^^^^^^^^^^^^^
FileNotFoundError: [Errno 2] No such file or directory: 'C:/Users/alexa/OneDrive/Dev/init-runpod/models/civitai.csv'
ERROR:root:Error occurred while downloading files from CSV: name 'LORA_DIR' is not defined
Traceback (most recent call last):
  File "c:\Users\alexa\OneDrive\Dev\init-runpod\dlcivitai.py", line 41, in download_files_from_csv
    directory = LORA_DIR
                ^^^^^^^^
NameError: name 'LORA_DIR' is not defined
ERROR:root:Error occurred while downloading files from CSV: name 'LORA_DIR' is not defined
Traceback (most recent call last):
  File "c:\Users\alexa\OneDrive\Dev\init-runpod\dlcivitai.py", line 41, in download_files_from_csv
    directory = LORA_DIR
                ^^^^^^^^
NameError: name 'LORA_DIR' is not defined
ERROR:root:pathC:/Users/alexa/OneDrive/Dev/init-runpod/civitai.csv
NoneType: None
ERROR:root:Error occurred while downloading files from CSV: name 'LORA_DIR' is not defined
Traceback (most recent call last):
  File "c:\Users\alexa\OneDrive\Dev\init-runpod\dlcivitai.py", line 42, in download_files_from_csv
    directory = LORA_DIR
                ^^^^^^^^
NameError: name 'LORA_DIR' is not defined
ERROR:root:pathC:/Users/alexa/OneDrive/Dev/init-runpod/civitai.csv
NoneType: None
DEBUG:urllib3.connectionpool:Starting new HTTPS connection (1): civitai.com:443
DEBUG:urllib3.connectionpool:https://civitai.com:443 "GET /api/download/models/27652 HTTP/1.1" 307 None
DEBUG:urllib3.connectionpool:Starting new HTTPS connection (1): civitai-delivery-worker-prod-2023-06-01.5ac0637cfd0766c97916cefa3764fbdf.r2.cloudflarestorage.com:443
DEBUG:urllib3.connectionpool:https://civitai-delivery-worker-prod-2023-06-01.5ac0637cfd0766c97916cefa3764fbdf.r2.cloudflarestorage.com:443 "GET /61089/model/tightBikiniV01.D0NP.safetensors?X-Amz-Expires=86400&response-content-disposition=attachment%3B%20filename%3D%22tight-bikini-v01.safetensors%22&X-Amz-Algorithm=AWS4-HMAC-SHA256&X-Amz-Credential=2fea663d76bd24a496545da373d610fc/20230629/us-east-1/s3/aws4_request&X-Amz-Date=20230629T092312Z&X-Amz-SignedHeaders=host&X-Amz-Signature=0b1017b516d3106adcfd23865aa9896598187e10986f2282c4d981f48cf0e15f HTTP/1.1" 200 4835967
DEBUG:urllib3.connectionpool:Starting new HTTPS connection (1): civitai.com:443
DEBUG:urllib3.connectionpool:https://civitai.com:443 "GET /api/download/models/58799 HTTP/1.1" 307 None
DEBUG:urllib3.connectionpool:Starting new HTTPS connection (1): civitai-delivery-worker-prod-2023-06-01.5ac0637cfd0766c97916cefa3764fbdf.r2.cloudflarestorage.com:443
DEBUG:urllib3.connectionpool:https://civitai-delivery-worker-prod-2023-06-01.5ac0637cfd0766c97916cefa3764fbdf.r2.cloudflarestorage.com:443 "GET /447170/model/exbikini2.IDMh.safetensors?X-Amz-Expires=86400&response-content-disposition=attachment%3B%20filename%3D%22exbikini2.safetensors%22&X-Amz-Algorithm=AWS4-HMAC-SHA256&X-Amz-Credential=2fea663d76bd24a496545da373d610fc/20230629/us-east-1/s3/aws4_request&X-Amz-Date=20230629T092315Z&X-Amz-SignedHeaders=host&X-Amz-Signature=7b0a989da5b1e5006ec680fb35f1607a1be4f2e4f027b1bc33671c06e743b2f5 HTTP/1.1" 200 37864867
DEBUG:urllib3.connectionpool:Starting new HTTPS connection (1): civitai.com:443
DEBUG:urllib3.connectionpool:https://civitai.com:443 "GET /api/download/models/89090 HTTP/1.1" 307 None
DEBUG:urllib3.connectionpool:Starting new HTTPS connection (1): civitai-delivery-worker-prod-2023-06-01.5ac0637cfd0766c97916cefa3764fbdf.r2.cloudflarestorage.com:443
DEBUG:urllib3.connectionpool:https://civitai-delivery-worker-prod-2023-06-01.5ac0637cfd0766c97916cefa3764fbdf.r2.cloudflarestorage.com:443 "GET /4382/model/slingBikiniTopV10.m5af.safetensors?X-Amz-Expires=86400&response-content-disposition=attachment%3B%20filename%3D%22sling_bikini_top_v1.0.safetensors%22&X-Amz-Algorithm=AWS4-HMAC-SHA256&X-Amz-Credential=2fea663d76bd24a496545da373d610fc/20230629/us-east-1/s3/aws4_request&X-Amz-Date=20230629T092318Z&X-Amz-SignedHeaders=host&X-Amz-Signature=11f07fe2d85735ef2a5ed4c91455e76c10025e198627a2782115ecec3ed3a61e HTTP/1.1" 200 151112139
ERROR:root:pathC:/Users/alexa/OneDrive/Dev/init-runpod/civitai.csv
NoneType: None
DEBUG:urllib3.connectionpool:Starting new HTTPS connection (1): civitai.com:443
DEBUG:urllib3.connectionpool:https://civitai.com:443 "GET /api/download/models/27652 HTTP/1.1" 307 None
DEBUG:urllib3.connectionpool:Starting new HTTPS connection (1): civitai-delivery-worker-prod-2023-06-01.5ac0637cfd0766c97916cefa3764fbdf.r2.cloudflarestorage.com:443
DEBUG:urllib3.connectionpool:https://civitai-delivery-worker-prod-2023-06-01.5ac0637cfd0766c97916cefa3764fbdf.r2.cloudflarestorage.com:443 "GET /61089/model/tightBikiniV01.D0NP.safetensors?X-Amz-Expires=86400&response-content-disposition=attachment%3B%20filename%3D%22tight-bikini-v01.safetensors%22&X-Amz-Algorithm=AWS4-HMAC-SHA256&X-Amz-Credential=2fea663d76bd24a496545da373d610fc/20230629/us-east-1/s3/aws4_request&X-Amz-Date=20230629T094317Z&X-Amz-SignedHeaders=host&X-Amz-Signature=8cb895a771d7c88f000a83fa00f4de3dfd385547aadd580ea5b37df6be3552f3 HTTP/1.1" 200 4835967
DEBUG:urllib3.connectionpool:Starting new HTTPS connection (1): civitai.com:443
DEBUG:urllib3.connectionpool:https://civitai.com:443 "GET /api/download/models/58799 HTTP/1.1" 307 None
DEBUG:urllib3.connectionpool:Starting new HTTPS connection (1): civitai-delivery-worker-prod-2023-06-01.5ac0637cfd0766c97916cefa3764fbdf.r2.cloudflarestorage.com:443
DEBUG:urllib3.connectionpool:https://civitai-delivery-worker-prod-2023-06-01.5ac0637cfd0766c97916cefa3764fbdf.r2.cloudflarestorage.com:443 "GET /447170/model/exbikini2.IDMh.safetensors?X-Amz-Expires=86400&response-content-disposition=attachment%3B%20filename%3D%22exbikini2.safetensors%22&X-Amz-Algorithm=AWS4-HMAC-SHA256&X-Amz-Credential=2fea663d76bd24a496545da373d610fc/20230629/us-east-1/s3/aws4_request&X-Amz-Date=20230629T094320Z&X-Amz-SignedHeaders=host&X-Amz-Signature=e98956098651808189a842c683b11c10848abd69ffc37e0b12fea55237956797 HTTP/1.1" 200 37864867
DEBUG:urllib3.connectionpool:Starting new HTTPS connection (1): civitai.com:443
DEBUG:urllib3.connectionpool:https://civitai.com:443 "GET /api/download/models/89090 HTTP/1.1" 307 None
DEBUG:urllib3.connectionpool:Starting new HTTPS connection (1): civitai-delivery-worker-prod-2023-06-01.5ac0637cfd0766c97916cefa3764fbdf.r2.cloudflarestorage.com:443
DEBUG:urllib3.connectionpool:https://civitai-delivery-worker-prod-2023-06-01.5ac0637cfd0766c97916cefa3764fbdf.r2.cloudflarestorage.com:443 "GET /4382/model/slingBikiniTopV10.m5af.safetensors?X-Amz-Expires=86400&response-content-disposition=attachment%3B%20filename%3D%22sling_bikini_top_v1.0.safetensors%22&X-Amz-Algorithm=AWS4-HMAC-SHA256&X-Amz-Credential=2fea663d76bd24a496545da373d610fc/20230629/us-east-1/s3/aws4_request&X-Amz-Date=20230629T094322Z&X-Amz-SignedHeaders=host&X-Amz-Signature=1f637d1a1e1a772d78f3402d77afc495f92ee87844018112913ff6e57708e594 HTTP/1.1" 200 151112139
